<?xml version="1.0" encoding="UTF-8"?>
<testsuite name="goRest.v2.api.test.TestUser" tests="1" skipped="0" failures="0" errors="0" timestamp="2023-11-12T12:25:58" hostname="Is-MacBook-Pro.local" time="2.356">
  <properties/>
  <testcase name="getUserDetailWithNoAuth" classname="goRest.v2.api.test.TestUser" time="2.356"/>
  <system-out><![CDATA[]]></system-out>
  <system-err><![CDATA[]]></system-err>
</testsuite>
